Removed Pin From Net: NetName=LED_DATA_5V Pin=U7-1
Removed Pin From Net: NetName=5V Pin=U7-3
Removed Pin From Net: NetName=3V3D Pin=U7-4
Removed Pin From Net: NetName=LED_DATA_3V3 Pin=U7-6
Removed Pin From Net: NetName=SIG_1_5V Pin=U8-1
Removed Pin From Net: NetName=5V Pin=U8-3
Removed Pin From Net: NetName=3V3D Pin=U8-4
Removed Pin From Net: NetName=SIG_1_3V3 Pin=U8-6
Removed Pin From Net: NetName=SIG_2_5V Pin=U9-1
Removed Pin From Net: NetName=5V Pin=U9-3
Removed Pin From Net: NetName=3V3D Pin=U9-4
Removed Pin From Net: NetName=SIG_2_3V3 Pin=U9-6
Added Pin To Net: NetName=5V Pin=U7-1
Added Pin To Net: NetName=LED_DATA_5V Pin=U7-3
Added Pin To Net: NetName=LED_DATA_3V3 Pin=U7-4
Added Pin To Net: NetName=3V3D Pin=U7-6
Added Pin To Net: NetName=5V Pin=U8-1
Added Pin To Net: NetName=SIG_1_5V Pin=U8-3
Added Pin To Net: NetName=SIG_1_3V3 Pin=U8-4
Added Pin To Net: NetName=3V3D Pin=U8-6
Added Pin To Net: NetName=5V Pin=U9-1
Added Pin To Net: NetName=SIG_2_5V Pin=U9-3
Added Pin To Net: NetName=SIG_2_3V3 Pin=U9-4
Added Pin To Net: NetName=3V3D Pin=U9-6
