Removed Pin From Net: NetName=5V Pin=C3-2
Removed Pin From Net: NetName=5V Pin=C16-2
Removed Pin From Net: NetName=5V Pin=C26-2
Removed Pin From Net: NetName=5V Pin=C27-2
Removed Pin From Net: NetName=5V Pin=C31-1
Removed Pin From Net: NetName=5V Pin=L2-2
Removed Pin From Net: NetName=5V Pin=P11-1
Removed Pin From Net: NetName=5V Pin=P12-1
Removed Pin From Net: NetName=5V Pin=R9-2
Removed Pin From Net: NetName=5V Pin=R15-1
Removed Pin From Net: NetName=5V Pin=R17-1
Removed Pin From Net: NetName=5V Pin=TP11-1
Removed Pin From Net: NetName=5V Pin=U2-1
Removed Pin From Net: NetName=5V Pin=U2-3
Removed Pin From Net: NetName=5V Pin=U3-5
Removed Pin From Net: NetName=5V Pin=U4-1
Removed Pin From Net: NetName=5V Pin=U4-3
Removed Pin From Net: NetName=5V Pin=U7-3
Removed Pin From Net: NetName=5V Pin=U8-3
Removed Pin From Net: NetName=5V Pin=U9-3
Change Net Name : Old Net Name=5V New Net Name=GND
Added Pin To Net: NetName=5V Pin=C3-2
Added Pin To Net: NetName=5V Pin=C16-2
Added Pin To Net: NetName=5V Pin=C26-2
Added Pin To Net: NetName=5V Pin=C27-2
Added Pin To Net: NetName=5V Pin=C31-1
Added Pin To Net: NetName=5V Pin=L2-2
Added Pin To Net: NetName=5V Pin=P11-1
Added Pin To Net: NetName=5V Pin=P12-1
Added Pin To Net: NetName=5V Pin=R9-2
Added Pin To Net: NetName=5V Pin=R15-1
Added Pin To Net: NetName=5V Pin=R17-1
Added Pin To Net: NetName=5V Pin=TP11-1
Added Pin To Net: NetName=5V Pin=U2-1
Added Pin To Net: NetName=5V Pin=U2-3
Added Pin To Net: NetName=5V Pin=U3-5
Added Pin To Net: NetName=5V Pin=U4-1
Added Pin To Net: NetName=5V Pin=U4-3
Added Pin To Net: NetName=5V Pin=U7-3
Added Pin To Net: NetName=5V Pin=U8-3
Added Pin To Net: NetName=5V Pin=U9-3
Added Net: Name=5V
