Removed Pin From Net: NetName=MOSI Pin=TP16-1
Removed Pin From Net: NetName=MOSI Pin=TP17-1
Removed Pin From Net: NetName=MISO Pin=TP21-1
Removed Pin From Net: NetName=MISO Pin=TP23-1
Removed Pin From Net: NetName=MOSI Pin=U1-21
Removed Pin From Net: NetName=MISO Pin=U1-27
Removed Pin From Net: NetName=MOSI Pin=U1-28
Removed Pin From Net: NetName=MISO Pin=U1-29
Removed Pin From Net: NetName=MOSI Pin=U10-4
Removed Pin From Net: NetName=MOSI Pin=U10-5
Removed Pin From Net: NetName=MISO Pin=U10-7
Removed Pin From Net: NetName=MISO Pin=U10-8
Change Component Comment : Designator=TP9 Old Comment=GND New Comment=DIV_GND
Change Net Name : Old Net Name=MISO New Net Name=RADIO_CE
Added Pin To Net: NetName=MISO Pin=TP23-1
Added Pin To Net: NetName=MISO Pin=U1-27
Added Pin To Net: NetName=MISO Pin=U10-7
Added Net: Name=MISO
Added Pin To Net: NetName=RADIO_IRQ Pin=TP21-1
Added Pin To Net: NetName=RADIO_IRQ Pin=U1-29
Added Pin To Net: NetName=RADIO_IRQ Pin=U10-8
Added Net: Name=RADIO_IRQ
Added Pin To Net: NetName=SPCK Pin=TP17-1
Added Pin To Net: NetName=SPCK Pin=U1-21
Added Pin To Net: NetName=SPCK Pin=U10-5
Added Net: Name=SPCK
Added Pin To Net: NetName=SPI_CSN Pin=TP16-1
Added Pin To Net: NetName=SPI_CSN Pin=U1-28
Added Pin To Net: NetName=SPI_CSN Pin=U10-4
Added Net: Name=SPI_CSN
