Removed Pin From Net: NetName=6V Pin=R17-1
Removed Pin From Net: NetName=NetC18_2 Pin=R17-2
Removed Pin From Net: NetName=5V Pin=R22-2
Removed Pin From Net: NetName=5V Pin=R26-2
Removed Pin From Net: NetName=GND Pin=R27-1
Removed Member From Class: ClassName=MCU Member=R17
Removed Member From Class: ClassName=MCU Member=R22
Removed Member From Class: ClassName=MCU Member=R26
Removed Member From Class: ClassName=MCU Member=R27
Added Component: Designator=P2(HDR1X2)
Add component. Clean all parameters for all variants
Add component (AddParameter): Name = "LatestRevisionDate"; Value = "17-Jul-2002"; VariantName = "[No Variations]"
Add component (AddParameter): Name = "LatestRevisionNote"; Value = "Re-released for DXP Platform."; VariantName = "[No Variations]"
Add component (AddParameter): Name = "Publisher"; Value = "Altium Limited"; VariantName = "[No Variations]"
Added Pin To Net: NetName=GND Pin=DL1-1
Added Pin To Net: NetName=6V Pin=P2-1
Added Pin To Net: NetName=NetC18_2 Pin=P2-2
Added Pin To Net: NetName=5V Pin=Q2-3
Added Pin To Net: NetName=5V Pin=Q3-3
Added Member To Class: ClassName=MCU Member=Component P2 JA_PIN_Header 2
