Removed Pin From Net: NetName=5V_REG Pin=P1-1
Removed Pin From Net: NetName=GND Pin=P1-3
Removed Pin From Net: NetName=3V3D Pin=P2-1
Removed Pin From Net: NetName=GND Pin=P2-3
Removed Pin From Net: NetName=DARSTEDLY_OUT_1 Pin=T1-1
Removed Pin From Net: NetName=3V3D Pin=T1-3
Removed Pin From Net: NetName=DARSTEDLY_OUT_2 Pin=T2-1
Removed Pin From Net: NetName=5V_REG Pin=T2-3
Change Component Footprint: Designator=P1 Old Footprint=HDR1X3 New Footprint=HDR1X2
Change Component Footprint: Designator=P2 Old Footprint=HDR1X3 New Footprint=HDR1X2
Change Component Comment : Designator=P1 Old Comment=JA_PIN_Header 3 New Comment=JA_PIN_Header 2
Change Component Comment : Designator=P2 Old Comment=JA_PIN_Header 3 New Comment=JA_PIN_Header 2
Added Component: Designator=R11(RESC1608L)
Add component. Clean all parameters for all variants
Add component (AddParameter): Name = "Storage Location"; Value = "PCB Assembly WS"; VariantName = "[No Variations]"
Add component (AddParameter): Name = "Supplier"; Value = "ECE Dept"; VariantName = "[No Variations]"
Add component (AddParameter): Name = "Value"; Value = "2K"; VariantName = "[No Variations]"
Added Component: Designator=R13(RESC1608L)
Add component. Clean all parameters for all variants
Add component (AddParameter): Name = "Storage Location"; Value = "PCB Assembly WS"; VariantName = "[No Variations]"
Add component (AddParameter): Name = "Supplier"; Value = "ECE Dept"; VariantName = "[No Variations]"
Add component (AddParameter): Name = "Value"; Value = "2K"; VariantName = "[No Variations]"
Added Pin To Net: NetName=5V_REG Pin=P1-2
Added Pin To Net: NetName=5V_REG Pin=P2-2
Added Pin To Net: NetName=DARSTEDLY_OUT_2 Pin=R11-1
Added Pin To Net: NetName=DARSTEDLY_OUT_1 Pin=R13-1
Added Pin To Net: NetName=GND Pin=T1-2
Added Pin To Net: NetName=GND Pin=T2-2
Added Pin To Net: NetName=NetP1_1 Pin=P1-1
Added Pin To Net: NetName=NetP1_1 Pin=T2-3
Added Net: Name=NetP1_1
Added Pin To Net: NetName=NetP2_1 Pin=P2-1
Added Pin To Net: NetName=NetP2_1 Pin=T1-3
Added Net: Name=NetP2_1
Added Pin To Net: NetName=NetR11_2 Pin=R11-2
Added Pin To Net: NetName=NetR11_2 Pin=T2-1
Added Net: Name=NetR11_2
Added Pin To Net: NetName=NetR13_2 Pin=R13-2
Added Pin To Net: NetName=NetR13_2 Pin=T1-1
Added Net: Name=NetR13_2
Added Member To Class: ClassName=MCU Member=Component R11 2K
Added Member To Class: ClassName=MCU Member=Component R13 2K
