Removed Pin From Net: NetName=GND Pin=P7-2
Removed Pin From Net: NetName=5V_REG Pin=P9-1
Removed Pin From Net: NetName=3V3D Pin=P9-6
Removed Pin From Net: NetName=GND Pin=P9-9
Removed Pin From Net: NetName=GND Pin=P9-10
Removed Pin From Net: NetName=DARSTEDLY_OUT_1 Pin=Q1-1
Removed Pin From Net: NetName=5V_REG Pin=Q1-3
Removed Pin From Net: NetName=DARSTEDLY_OUT_2 Pin=Q2-1
Removed Pin From Net: NetName=5V_REG Pin=Q2-3
Removed Pin From Net: NetName=5V_REG Pin=Q3-3
Removed Pin From Net: NetName=CH2_SEL Pin=U1-59
Removed Pin From Net: NetName=CH1_SEL Pin=U1-63
Removed Member From Class: ClassName=MCU Member=P7
Removed Member From Class: ClassName=MCU Member=P9
Removed Member From Class: ClassName=MCU Member=Q1
Removed Member From Class: ClassName=MCU Member=Q2
Removed Member From Class: ClassName=MCU Member=Q3
Removed Member From Class: ClassName=MCU Member=T?
Added Component: Designator=P1(HDR1X3)
Add component (AddParameter): Name = "LatestRevisionDate"; Value = "17-Jul-2002"; VariantName = "[No Variations]"
Add component (AddParameter): Name = "LatestRevisionNote"; Value = "Re-released for DXP Platform."; VariantName = "[No Variations]"
Add component (AddParameter): Name = "Publisher"; Value = "Altium Limited"; VariantName = "[No Variations]"
Added Component: Designator=P2(HDR1X3)
Add component (AddParameter): Name = "LatestRevisionDate"; Value = "17-Jul-2002"; VariantName = "[No Variations]"
Add component (AddParameter): Name = "LatestRevisionNote"; Value = "Re-released for DXP Platform."; VariantName = "[No Variations]"
Add component (AddParameter): Name = "Publisher"; Value = "Altium Limited"; VariantName = "[No Variations]"
Added Component: Designator=T1(SOT23_L)
Add component (AddParameter): Name = "Current - Continuous Drain (Id) @ 25° C"; Value = "1.05A"; VariantName = "[No Variations]"
Add component (AddParameter): Name = "Drain to Source Voltage (Vdss)"; Value = "20V"; VariantName = "[No Variations]"
Add component (AddParameter): Name = "FET Type"; Value = "MOSFET N-Channel, Metal Oxide"; VariantName = "[No Variations]"
Add component (AddParameter): Name = "Gate Charge (Qg) @ Vgs"; Value = "3.9nC @ 4.5V"; VariantName = "[No Variations]"
Add component (AddParameter): Name = "Input Capacitance (Ciss) @ Vds"; Value = "152pF @ 16V"; VariantName = "[No Variations]"
Add component (AddParameter): Name = "Manufacturer"; Value = "NXP Semiconductors"; VariantName = "[No Variations]"
Add component (AddParameter): Name = "Manufacturer Part Number"; Value = "BSH105,215"; VariantName = "[No Variations]"
Add component (AddParameter): Name = "Package / Case"; Value = "TO-236-3, SC-59, SOT-23-3"; VariantName = "[No Variations]"
Add component (AddParameter): Name = "Power - Max"; Value = "417mW"; VariantName = "[No Variations]"
Add component (AddParameter): Name = "Pricing"; Value = "1=0.53, 10=0.42, 25=0.3544, 100=0.2885, 250=0.23896, 500=0.1974, 1000=0.14785 (NZD)"; VariantName = "[No Variations]"
Add component (AddParameter): Name = "Rds On (Max) @ Id, Vgs"; Value = "200 mOhm @ 600mA, 4.5V"; VariantName = "[No Variations]"
Add component (AddParameter): Name = "Storage Location"; Value = "PCB Assembly WS"; VariantName = "[No Variations]"
Add component (AddParameter): Name = "Supplier"; Value = "ECE Dept"; VariantName = "[No Variations]"
Add component (AddParameter): Name = "Supplier 1"; Value = "Farnell"; VariantName = "[No Variations]"
Add component (AddParameter): Name = "Supplier 2"; Value = "Digi-Key"; VariantName = "[No Variations]"
Add component (AddParameter): Name = "Supplier Part Number 1"; Value = "1758066"; VariantName = "[No Variations]"
Add component (AddParameter): Name = "Supplier Part Number 2"; Value = "568-6215-1-ND"; VariantName = "[No Variations]"
Added Component: Designator=T2(SOT23_L)
Add component (AddParameter): Name = "Current - Continuous Drain (Id) @ 25° C"; Value = "1.05A"; VariantName = "[No Variations]"
Add component (AddParameter): Name = "Drain to Source Voltage (Vdss)"; Value = "20V"; VariantName = "[No Variations]"
Add component (AddParameter): Name = "FET Type"; Value = "MOSFET N-Channel, Metal Oxide"; VariantName = "[No Variations]"
Add component (AddParameter): Name = "Gate Charge (Qg) @ Vgs"; Value = "3.9nC @ 4.5V"; VariantName = "[No Variations]"
Add component (AddParameter): Name = "Input Capacitance (Ciss) @ Vds"; Value = "152pF @ 16V"; VariantName = "[No Variations]"
Add component (AddParameter): Name = "Manufacturer"; Value = "NXP Semiconductors"; VariantName = "[No Variations]"
Add component (AddParameter): Name = "Manufacturer Part Number"; Value = "BSH105,215"; VariantName = "[No Variations]"
Add component (AddParameter): Name = "Package / Case"; Value = "TO-236-3, SC-59, SOT-23-3"; VariantName = "[No Variations]"
Add component (AddParameter): Name = "Power - Max"; Value = "417mW"; VariantName = "[No Variations]"
Add component (AddParameter): Name = "Pricing"; Value = "1=0.53, 10=0.42, 25=0.3544, 100=0.2885, 250=0.23896, 500=0.1974, 1000=0.14785 (NZD)"; VariantName = "[No Variations]"
Add component (AddParameter): Name = "Rds On (Max) @ Id, Vgs"; Value = "200 mOhm @ 600mA, 4.5V"; VariantName = "[No Variations]"
Add component (AddParameter): Name = "Storage Location"; Value = "PCB Assembly WS"; VariantName = "[No Variations]"
Add component (AddParameter): Name = "Supplier"; Value = "ECE Dept"; VariantName = "[No Variations]"
Add component (AddParameter): Name = "Supplier 1"; Value = "Farnell"; VariantName = "[No Variations]"
Add component (AddParameter): Name = "Supplier 2"; Value = "Digi-Key"; VariantName = "[No Variations]"
Add component (AddParameter): Name = "Supplier Part Number 1"; Value = "1758066"; VariantName = "[No Variations]"
Add component (AddParameter): Name = "Supplier Part Number 2"; Value = "568-6215-1-ND"; VariantName = "[No Variations]"
Added Pin To Net: NetName=5V_REG Pin=P1-1
Added Pin To Net: NetName=GND Pin=P1-3
Added Pin To Net: NetName=3V3D Pin=P2-1
Added Pin To Net: NetName=GND Pin=P2-3
Added Pin To Net: NetName=DARSTEDLY_OUT_1 Pin=T1-1
Added Pin To Net: NetName=3V3D Pin=T1-3
Added Pin To Net: NetName=DARSTEDLY_OUT_2 Pin=T2-1
Added Pin To Net: NetName=5V_REG Pin=T2-3
Added Pin To Net: NetName=CH1_SEL Pin=U1-59
Added Pin To Net: NetName=CH2_SEL Pin=U1-63
Change Net Name : Old Net Name=5V_USB New Net Name=VBUS
Added Pin To Net: NetName=NetP1_2 Pin=P1-2
Added Pin To Net: NetName=NetP1_2 Pin=T2-2
Added Net: Name=NetP1_2
Added Pin To Net: NetName=NetP2_2 Pin=P2-2
Added Pin To Net: NetName=NetP2_2 Pin=T1-2
Added Net: Name=NetP2_2
Added Member To Class: ClassName=MCU Member=Component P1 JA_PIN_Header 3
Added Member To Class: ClassName=MCU Member=Component P2 JA_PIN_Header 3
Added Member To Class: ClassName=MCU Member=Component T1 BSH105,215
Added Member To Class: ClassName=MCU Member=Component T2 BSH105,215
