Removed Pin From Net: NetName=5V Pin=5V-1
Removed Pin From Net: NetName=5V Pin=C1-2
Removed Pin From Net: NetName=5V Pin=C16-2
Removed Pin From Net: NetName=VBUS Pin=R3-2
Removed Pin From Net: NetName=5V Pin=U2-1
Removed Pin From Net: NetName=5V Pin=U2-3
Removed Pin From Net: NetName=5V Pin=U4-1
Removed Pin From Net: NetName=5V Pin=U4-3
Added Component: Designator=D?(ONSC-SOT-23-3-318-08_V)
Add component. Clean all parameters for all variants
Add component (AddParameter): Name = "ComponentLink1Description"; Value = "Manufacturer URL"; VariantName = "[No Variations]"
Add component (AddParameter): Name = "ComponentLink1URL"; Value = "http://www.onsemi.com/"; VariantName = "[No Variations]"
Add component (AddParameter): Name = "ComponentLink2Description"; Value = "Datasheet"; VariantName = "[No Variations]"
Add component (AddParameter): Name = "ComponentLink2URL"; Value = "http://www.onsemi.cn/pub_link/Collateral/BAV70LT1-D.PDF"; VariantName = "[No Variations]"
Add component (AddParameter): Name = "ComponentLink3Description"; Value = "Package Specification"; VariantName = "[No Variations]"
Add component (AddParameter): Name = "ComponentLink3URL"; Value = "http://www.onsemi.cn/pub_link/Collateral/318-08.PDF"; VariantName = "[No Variations]"
Add component (AddParameter): Name = "Configuration"; Value = "Common Cathode"; VariantName = "[No Variations]"
Add component (AddParameter): Name = "DatasheetVersion"; Value = "Rev. 8"; VariantName = "[No Variations]"
Add component (AddParameter): Name = "IF Max (A)"; Value = "0.2"; VariantName = "[No Variations]"
Add component (AddParameter): Name = "Manufacturer"; Value = "On Semiconductor"; VariantName = "[No Variations]"
Add component (AddParameter): Name = "Mounting Technology"; Value = "Surface Mount"; VariantName = "[No Variations]"
Add component (AddParameter): Name = "Note"; Value = "0"; VariantName = "[No Variations]"
Add component (AddParameter): Name = "PackageDescription"; Value = "3-Pin Small Outline Transistor, Body 2.92 x 1.3 mm, Pitch 0.95 mm"; VariantName = "[No Variations]"
Add component (AddParameter): Name = "PackageReference"; Value = "SOT-23-3-318-08"; VariantName = "[No Variations]"
Add component (AddParameter): Name = "PackageVersion"; Value = "Rev. AP, 11/2009"; VariantName = "[No Variations]"
Add component (AddParameter): Name = "Packing"; Value = "Tape and Reel"; VariantName = "[No Variations]"
Add component (AddParameter): Name = "PartNumber"; Value = "BAV70LT3"; VariantName = "[No Variations]"
Add component (AddParameter): Name = "RoHS"; Value = "FALSE"; VariantName = "[No Variations]"
Add component (AddParameter): Name = "Supplier 1"; Value = "Digi-Key"; VariantName = "[No Variations]"
Add component (AddParameter): Name = "Supplier Part Number 1"; Value = "BAV70LT3GOSCT-ND"; VariantName = "[No Variations]"
Add component (AddParameter): Name = "trr Max (ns)"; Value = "6"; VariantName = "[No Variations]"
Added Component: Designator=F?(RESC3216N)
Add component. Clean all parameters for all variants
Add component (AddParameter): Name = "Blow Characteristic"; Value = "Very Fast Acting"; VariantName = "[No Variations]"
Add component (AddParameter): Name = "Breaking Capacity"; Value = "50A @ 32V AC / 63"; VariantName = "[No Variations]"
Add component (AddParameter): Name = "Device Marking"; Value = "D"; VariantName = "[No Variations]"
Add component (AddParameter): Name = "Fuse Case Style"; Value = "1206"; VariantName = "[No Variations]"
Add component (AddParameter): Name = "Fuse Current"; Value = "250"; VariantName = "[No Variations]"
Add component (AddParameter): Name = "Fuse Type Blowing Characteristic"; Value = "Very Fast Acting"; VariantName = "[No Variations]"
Add component (AddParameter): Name = "Manufacturer"; Value = "MULTICOMP"; VariantName = "[No Variations]"
Add component (AddParameter): Name = "Manufacturer Part Number"; Value = "MC12CF.250"; VariantName = "[No Variations]"
Add component (AddParameter): Name = "Manufacturer PN"; Value = "MC12CF.250"; VariantName = "[No Variations]"
Add component (AddParameter): Name = "Storage Location"; Value = "PCB Assembly WS"; VariantName = "[No Variations]"
Add component (AddParameter): Name = "Supplier"; Value = "ECE Dept"; VariantName = "[No Variations]"
Add component (AddParameter): Name = "Supplier 1"; Value = "Farnell"; VariantName = "[No Variations]"
Add component (AddParameter): Name = "Supplier Part Number 1"; Value = "1841020"; VariantName = "[No Variations]"
Add component (AddParameter): Name = "Value"; Value = "0.25A"; VariantName = "[No Variations]"
Added Pin To Net: NetName=5V Pin=D?-2
Added Pin To Net: NetName=VBUS Pin=F?-2
Change Net Name : Old Net Name=5V New Net Name=5V_HP
Added Pin To Net: NetName=5V_LP Pin=5V-1
Added Pin To Net: NetName=5V_LP Pin=C1-2
Added Pin To Net: NetName=5V_LP Pin=C16-2
Added Pin To Net: NetName=5V_LP Pin=D?-3
Added Pin To Net: NetName=5V_LP Pin=U2-1
Added Pin To Net: NetName=5V_LP Pin=U2-3
Added Pin To Net: NetName=5V_LP Pin=U4-1
Added Pin To Net: NetName=5V_LP Pin=U4-3
Added Net: Name=5V_LP
Added Pin To Net: NetName=5V_USB Pin=D?-1
Added Pin To Net: NetName=5V_USB Pin=F?-1
Added Pin To Net: NetName=5V_USB Pin=R3-2
Added Net: Name=5V_USB
Added Member To Class: ClassName=MCU Member=Component D? BAV70LT3
Added Member To Class: ClassName=MCU Member=Component F? 0.25A
